02:45:34 **** Incremental Build of configuration Release for project Arduino_DuzyPokoj_Wro_Ethernet_v1 ****
make all 
Building file: ../.ino.cpp
Starting C++ compile
"C:/Program Files/Arduino/hardware/tools/avr/bin/avr-g++" -c -g -Os -fno-exceptions -ffunction-sections -fdata-sections -MMD -mmcu=atmega328p -DF_CPU=16000000L -DARDUINO=155-r2 -DARDUINO_AVR_UNO -DARDUINO_ARCH_AVR    -I"C:\Program Files\Arduino\hardware\arduino\avr\cores\arduino" -I"C:\Program Files\Arduino\hardware\arduino\avr\variants\standard" -I"C:\Users\Cytrynowy-Hp\Documents\GitHub\Arduinosy\libraries\Arduino-Temperature-Control-Library-master" -I"C:\Users\Cytrynowy-Hp\Documents\GitHub\Arduinosy\libraries\DHTlib" -I"C:\Users\Cytrynowy-Hp\Documents\GitHub\Arduinosy\libraries\OneWire" -I"C:\Users\Cytrynowy-Hp\Documents\GitHub\Arduinosy\libraries\IMqttSensor" -I"C:\Users\Cytrynowy-Hp\Documents\GitHub\Arduinosy\libraries\MqttSensorLib" -I"C:\Users\Cytrynowy-Hp\Documents\GitHub\Arduinosy\libraries\MqttTemperatureLib" -I"C:\Users\Cytrynowy-Hp\Documents\GitHub\Arduinosy\libraries\DHTMqttLib" -I"C:\Users\Cytrynowy-Hp\Documents\GitHub\Arduinosy\libraries\DallasTemperatureMqttLib" -I"C:\Program Files\Arduino\libraries\Ethernet" -I"C:\Program Files\Arduino\libraries\Ethernet\src" -I"C:\Program Files\Arduino\libraries\Ethernet\arch\avr" -I"C:\Users\Cytrynowy-Hp\Documents\GitHub\Arduinosy\libraries\avr_stl" -I"C:\Users\Cytrynowy-Hp\Documents\GitHub\Arduinosy\libraries\DimmerLib" -I"C:\Users\Cytrynowy-Hp\Documents\GitHub\Arduinosy\libraries\DimmerPirLib" -I"C:\Users\Cytrynowy-Hp\Documents\GitHub\Arduinosy\libraries\PubSubClient" -I"C:\Users\Cytrynowy-Hp\Documents\GitHub\Arduinosy\libraries\PubSubClient\src" -I"C:\Users\Cytrynowy-Hp\Documents\GitHub\Arduinosy\libraries\RollerLib" -I"C:\Users\Cytrynowy-Hp\Documents\GitHub\Arduinosy\libraries\StatusLedLib" -I"C:\Users\Cytrynowy-Hp\Documents\GitHub\Arduinosy\libraries\Timer1" -I"C:\Users\Cytrynowy-Hp\Documents\GitHub\Arduinosy\libraries\UptimeLib" -I"C:\Users\Cytrynowy-Hp\Documents\GitHub\Arduinosy\libraries\UtilsLib" -I"C:\Program Files\Arduino\hardware\arduino\avr\libraries\SPI" -I"C:\Users\Cytrynowy-Hp\Documents\GitHub\Arduinosy\libraries\RelayLib" -I"C:\Users\Cytrynowy-Hp\Documents\GitHub\Arduinosy\libraries\RelayPirLib" -MMD -MP -MF".ino.cpp.d" -MT".ino.cpp.d" -D__IN_ECLIPSE__=1 -x c++ "../.ino.cpp"  -o  ".ino.cpp.o"   -Wall
Finished building: ../.ino.cpp
 
Building file: C:/Users/Cytrynowy-Hp/Documents/GitHub/Arduinosy/libraries/DimmerPirLib/DimmerPir.cpp
Starting C++ compile
"C:/Program Files/Arduino/hardware/tools/avr/bin/avr-g++" -c -g -Os -fno-exceptions -ffunction-sections -fdata-sections -MMD -mmcu=atmega328p -DF_CPU=16000000L -DARDUINO=155-r2 -DARDUINO_AVR_UNO -DARDUINO_ARCH_AVR    -I"C:\Program Files\Arduino\hardware\arduino\avr\cores\arduino" -I"C:\Program Files\Arduino\hardware\arduino\avr\variants\standard" -I"C:\Users\Cytrynowy-Hp\Documents\GitHub\Arduinosy\libraries\Arduino-Temperature-Control-Library-master" -I"C:\Users\Cytrynowy-Hp\Documents\GitHub\Arduinosy\libraries\DHTlib" -I"C:\Users\Cytrynowy-Hp\Documents\GitHub\Arduinosy\libraries\OneWire" -I"C:\Users\Cytrynowy-Hp\Documents\GitHub\Arduinosy\libraries\IMqttSensor" -I"C:\Users\Cytrynowy-Hp\Documents\GitHub\Arduinosy\libraries\MqttSensorLib" -I"C:\Users\Cytrynowy-Hp\Documents\GitHub\Arduinosy\libraries\MqttTemperatureLib" -I"C:\Users\Cytrynowy-Hp\Documents\GitHub\Arduinosy\libraries\DHTMqttLib" -I"C:\Users\Cytrynowy-Hp\Documents\GitHub\Arduinosy\libraries\DallasTemperatureMqttLib" -I"C:\Program Files\Arduino\libraries\Ethernet" -I"C:\Program Files\Arduino\libraries\Ethernet\src" -I"C:\Program Files\Arduino\libraries\Ethernet\arch\avr" -I"C:\Users\Cytrynowy-Hp\Documents\GitHub\Arduinosy\libraries\avr_stl" -I"C:\Users\Cytrynowy-Hp\Documents\GitHub\Arduinosy\libraries\DimmerLib" -I"C:\Users\Cytrynowy-Hp\Documents\GitHub\Arduinosy\libraries\DimmerPirLib" -I"C:\Users\Cytrynowy-Hp\Documents\GitHub\Arduinosy\libraries\PubSubClient" -I"C:\Users\Cytrynowy-Hp\Documents\GitHub\Arduinosy\libraries\PubSubClient\src" -I"C:\Users\Cytrynowy-Hp\Documents\GitHub\Arduinosy\libraries\RollerLib" -I"C:\Users\Cytrynowy-Hp\Documents\GitHub\Arduinosy\libraries\StatusLedLib" -I"C:\Users\Cytrynowy-Hp\Documents\GitHub\Arduinosy\libraries\Timer1" -I"C:\Users\Cytrynowy-Hp\Documents\GitHub\Arduinosy\libraries\UptimeLib" -I"C:\Users\Cytrynowy-Hp\Documents\GitHub\Arduinosy\libraries\UtilsLib" -I"C:\Program Files\Arduino\hardware\arduino\avr\libraries\SPI" -I"C:\Users\Cytrynowy-Hp\Documents\GitHub\Arduinosy\libraries\RelayLib" -I"C:\Users\Cytrynowy-Hp\Documents\GitHub\Arduinosy\libraries\RelayPirLib" -MMD -MP -MF"Libraries/DimmerPirLib/DimmerPir.cpp.d" -MT"Libraries/DimmerPirLib/DimmerPir.cpp.d" -D__IN_ECLIPSE__=1 -x c++ "C:/Users/Cytrynowy-Hp/Documents/GitHub/Arduinosy/libraries/DimmerPirLib/DimmerPir.cpp"  -o  "Libraries/DimmerPirLib/DimmerPir.cpp.o"   -Wall
Finished building: C:/Users/Cytrynowy-Hp/Documents/GitHub/Arduinosy/libraries/DimmerPirLib/DimmerPir.cpp
 
Starting combiner
"C:/Program Files/Arduino/hardware/tools/avr/bin/avr-gcc" -Os -Wl,--gc-sections -mmcu=atmega328p -o "C:/Users/Cytrynowy-Hp/Documents/GitHub/Arduinosy/eclipseWorkspace/Arduino_DuzyPokoj_Wro_Ethernet_v1/Release/Arduino_DuzyPokoj_Wro_Ethernet_v1.elf"    ./.ino.cpp.o  ./Libraries/avr_stl/include/pnew.cpp.o  ./Libraries/UtilsLib/Utils.cpp.o  ./Libraries/UptimeLib/Uptime.cpp.o  ./Libraries/Timer1/TimerOne.cpp.o  ./Libraries/StatusLedLib/StatusLed.cpp.o  ./Libraries/SPI/SPI.cpp.o  ./Libraries/RollerLib/Roller.cpp.o  ./Libraries/RelayPirLib/RelayPir.cpp.o  ./Libraries/RelayLib/Relay.cpp.o  ./Libraries/PubSubClient/src/PubSubClient.cpp.o  ./Libraries/OneWire/OneWire.cpp.o  ./Libraries/MqttTemperatureLib/MqttTemperature.cpp.o  ./Libraries/MqttSensorLib/MqttSensor.cpp.o  ./Libraries/IMqttSensor/IMqttSensor.cpp.o  ./Libraries/Ethernet/src/Dhcp.cpp.o ./Libraries/Ethernet/src/Dns.cpp.o ./Libraries/Ethernet/src/Ethernet.cpp.o ./Libraries/Ethernet/src/EthernetClient.cpp.o ./Libraries/Ethernet/src/EthernetServer.cpp.o ./Libraries/Ethernet/src/EthernetUdp.cpp.o  ./Libraries/Ethernet/arch/avr/utility/socket.cpp.o ./Libraries/Ethernet/arch/avr/utility/w5100.cpp.o  ./Libraries/DimmerPirLib/DimmerPir.cpp.o  ./Libraries/DimmerLib/Dimmer.cpp.o  ./Libraries/DallasTemperatureMqttLib/DallasTemperatureMqtt.cpp.o  ./Libraries/DHTlib/dht.cpp.o  ./Libraries/DHTMqttLib/DHTMqtt.cpp.o  ./Libraries/Arduino-Temperature-Control-Library-master/DallasTemperature.cpp.o   C:/Users/Cytrynowy-Hp/Documents/GitHub/Arduinosy/eclipseWorkspace/Arduino_DuzyPokoj_Wro_Ethernet_v1/Release/arduino.ar   "C:/Users/Cytrynowy-Hp/Documents/GitHub/Arduinosy/eclipseWorkspace/Arduino_DuzyPokoj_Wro_Ethernet_v1/Release/arduino.ar" "-LC:/Users/Cytrynowy-Hp/Documents/GitHub/Arduinosy/eclipseWorkspace/Arduino_DuzyPokoj_Wro_Ethernet_v1/Release" -lm
Finished building: Arduino_DuzyPokoj_Wro_Ethernet_v1.elf
 
Create eeprom image
"C:/Program Files/Arduino/hardware/tools/avr/bin/avr-objcopy" -O ihex -j .eeprom --set-section-flags=.eeprom=alloc,load --no-change-warnings --change-section-lma .eeprom=0 "C:/Users/Cytrynowy-Hp/Documents/GitHub/Arduinosy/eclipseWorkspace/Arduino_DuzyPokoj_Wro_Ethernet_v1/Release/Arduino_DuzyPokoj_Wro_Ethernet_v1.elf" "C:/Users/Cytrynowy-Hp/Documents/GitHub/Arduinosy/eclipseWorkspace/Arduino_DuzyPokoj_Wro_Ethernet_v1/Release/Arduino_DuzyPokoj_Wro_Ethernet_v1.eep"
Finished building: Arduino_DuzyPokoj_Wro_Ethernet_v1.eep
 
Create Flash image (ihex format)
"C:/Program Files/Arduino/hardware/tools/avr/bin/avr-objcopy" -O ihex -R .eeprom "C:/Users/Cytrynowy-Hp/Documents/GitHub/Arduinosy/eclipseWorkspace/Arduino_DuzyPokoj_Wro_Ethernet_v1/Release/Arduino_DuzyPokoj_Wro_Ethernet_v1.elf" "C:/Users/Cytrynowy-Hp/Documents/GitHub/Arduinosy/eclipseWorkspace/Arduino_DuzyPokoj_Wro_Ethernet_v1/Release/Arduino_DuzyPokoj_Wro_Ethernet_v1.hex"
Finished building: Arduino_DuzyPokoj_Wro_Ethernet_v1.hex
 
Building target: Arduino_DuzyPokoj_Wro_Ethernet_v1
Printing size:
"C:/Program Files/Arduino/hardware/tools/avr/bin/avr-size" -A "C:/Users/Cytrynowy-Hp/Documents/GitHub/Arduinosy/eclipseWorkspace/Arduino_DuzyPokoj_Wro_Ethernet_v1/Release/Arduino_DuzyPokoj_Wro_Ethernet_v1.elf"
C:/Users/Cytrynowy-Hp/Documents/GitHub/Arduinosy/eclipseWorkspace/Arduino_DuzyPokoj_Wro_Ethernet_v1/Release/Arduino_DuzyPokoj_Wro_Ethernet_v1.elf  :
section             size      addr
.data                422   8388864
.text              24668         0
.bss                 729   8389286
.debug_aranges      5528         0
.debug_pubnames    15512         0
.debug_info       184344         0
.debug_abbrev      26396         0
.debug_line        58949         0
.debug_frame        9744         0
.debug_str         30012         0
.debug_loc         57349         0
.debug_ranges       5584         0
Total             419237


Finished building target: Arduino_DuzyPokoj_Wro_Ethernet_v1
 

02:45:39 Build Finished (took 4s.952ms)

